<?xml version='1.0' encoding='UTF-8'?>
<testsuite hostname="thinkpad" name="TestTable" tests="11" errors="0" failures="0" skipped="0" time="0.026" timestamp="2025-05-05T08:39:10">
          <properties>
[...]
</properties>
          <testcase classname="TestTable" name="apply 1" time="0.01">
                      
                    </testcase><testcase classname="TestTable" name="toString 1" time="0.001">
                      
                    </testcase><testcase classname="TestTable" name="fromCSV 1" time="0.0">
                      
                    </testcase><testcase classname="TestTable" name="filter 1" time="0.001">
                      
                    </testcase><testcase classname="TestTable" name="delete 1" time="0.001">
                      
                    </testcase><testcase classname="TestTable" name="insert 1" time="0.0">
                      
                    </testcase><testcase classname="TestTable" name="sort 1" time="0.0">
                      
                    </testcase><testcase classname="TestTable" name="select 1" time="0.0">
                      
                    </testcase><testcase classname="TestTable" name="cartesianProduct 1" time="0.003">
                      
                    </testcase><testcase classname="TestTable" name="join 1" time="0.01">
                      
                    </testcase><testcase classname="TestTable" name="update 1" time="0.0">
                      
                    </testcase>
          <system-out><![CDATA[]]></system-out>
          <system-err><![CDATA[]]></system-err>
        </testsuite>